<?xml version="1.0" encoding="UTF-8"?>
<!-- Generated by org.testng.reporters.JUnitReportReporter -->
<testsuite skipped="0" hostname="RAVI-PC" name="com.qa.orangehrm.tests.AdminPageTest" tests="2" failures="0" timestamp="15 Jul 2020 18:36:10 GMT" time="3.336" errors="0">
  <testcase name="verifyAdminPageTitleTest" time="0.036" classname="com.qa.orangehrm.tests.AdminPageTest"/>
  <testcase name="createUserTest" time="3.300" classname="com.qa.orangehrm.tests.AdminPageTest"/>
</testsuite> <!-- com.qa.orangehrm.tests.AdminPageTest -->
