<?xml version="1.0" encoding="UTF-8"?>
<!-- Generated by org.testng.reporters.JUnitReportReporter -->
<testsuite skipped="0" hostname="RAVI-PC" name="com.qa.orangehrm.tests.LoginPageTest" tests="3" failures="0" timestamp="15 Jul 2020 13:54:16 GMT" time="5.287" errors="0">
  <testcase name="verifyForgotpswdLinkTest" time="0.139" classname="com.qa.orangehrm.tests.LoginPageTest"/>
  <testcase name="verifyLoginPageTitleTest" time="0.014" classname="com.qa.orangehrm.tests.LoginPageTest"/>
  <testcase name="loginTest" time="5.134" classname="com.qa.orangehrm.tests.LoginPageTest"/>
</testsuite> <!-- com.qa.orangehrm.tests.LoginPageTest -->
