<?xml version="1.0" encoding="UTF-8"?>
<!-- Generated by org.testng.reporters.JUnitReportReporter -->
<testsuite skipped="0" hostname="RAVI-PC" name="com.qa.orangehrm.tests.HomePageTest" tests="3" failures="0" timestamp="15 Jul 2020 17:58:18 GMT" time="0.579" errors="0">
  <testcase name="HomepageDashboardTest" time="0.312" classname="com.qa.orangehrm.tests.HomePageTest"/>
  <testcase name="verifHomePageTitleTest" time="0.050" classname="com.qa.orangehrm.tests.HomePageTest"/>
  <testcase name="loggedInUserTest" time="0.217" classname="com.qa.orangehrm.tests.HomePageTest"/>
</testsuite> <!-- com.qa.orangehrm.tests.HomePageTest -->
